1693930528875:l
1693930536497:l Alex
1693930541804:e
1693930543927:exam
1693930545333:s
1693930711723:l
1693930714914:l Alex
1693930721702:s
1693930746756:r
1693930756273:e
1693930758145:r
1693930773477:s
1693930804136:r
1693930814139:exit
1693931093085:l
1693931259703:s
1693931390590:l
1693931397788:s
1693931401488:d
1693931403910:r
1693931406762:exit
1693931414339:s
1693931442264:l
1693931451531:r
1693931454060:s
1693931460612:d
1693931472930:l
1693931477795:s
1693931482453:r
1693931636943:l
1693931641530:s
1693931644799:d
1693931647854:r
